2024-05-13 16:49:54,034 [INFO] Activator:176 - 


2024-05-13 16:49:54,036 [INFO] Activator:177 - !SESSION log4j initialized
2024-05-13 16:49:55,749 [INFO] LogOutputStream:77 - [STDOUT_REDIRECT] 
2024-05-13 16:49:57,850 [INFO] ApplicationProperties:184 - Using Application install path: /home/ethan/st/stm32cubeide_1.15.0/plugins/com.st.stm32cube.common.mx_6.11.0.202403141607
2024-05-13 16:49:57,865 [INFO] DbMcusXml:78 - Set database path to: /home/ethan/st/stm32cubeide_1.15.0/plugins/com.st.stm32cube.common.mx_6.11.0.202403141607//db//mcu/
2024-05-13 16:49:57,866 [INFO] ApiDb:274 - Set plugin database path to: /home/ethan/st/stm32cubeide_1.15.0/plugins/com.st.stm32cube.common.mx_6.11.0.202403141607//db//plugins/boardmanager/
2024-05-13 16:49:57,866 [WARN] ApiDb:259 - Overriding images path with different value:  => /home/ethan/st/stm32cubeide_1.15.0/plugins/com.st.stm32cube.common.mx_6.11.0.202403141607//db//plugins/mcufinder/images/
2024-05-13 16:49:57,870 [INFO] ApiDb:250 - Set database path to: /home/ethan/.stmcufinder/plugins/mcufinder//mcu/
2024-05-13 16:49:57,871 [INFO] DbMcusAds:125 - Set database path to: /home/ethan/.stmcufinder/plugins/mcufinder//mcu/
2024-05-13 16:49:57,872 [INFO] CrossReferenceDbSqlite:203 - Set database path to: /home/ethan/.stmcufinder/plugins/mcufinder//mcu/cs/
2024-05-13 16:49:57,996 [INFO] RulesReader:64 - Compatibility file has been processed (297 Rules)
2024-05-13 16:49:58,063 [INFO] DbMcusXml:78 - Set database path to: /home/ethan/st/stm32cubeide_1.15.0/plugins/com.st.stm32cube.common.mx_6.11.0.202403141607//db//mcu/
2024-05-13 16:49:58,063 [INFO] ApiDb:274 - Set plugin database path to: /home/ethan/st/stm32cubeide_1.15.0/plugins/com.st.stm32cube.common.mx_6.11.0.202403141607//db//plugins/boardmanager/
2024-05-13 16:49:58,064 [INFO] ApiDb:261 - Set plugin images path to: /home/ethan/st/stm32cubeide_1.15.0/plugins/com.st.stm32cube.common.mx_6.11.0.202403141607//db//plugins/mcufinder/images/
2024-05-13 16:49:58,064 [WARN] DbFile:41 - Overriding database path with different value: /home/ethan/.stmcufinder/plugins/mcufinder/ => /home/ethan/.stmcufinder/plugins/mcufinder
2024-05-13 16:49:58,064 [INFO] ApiDb:250 - Set database path to: /home/ethan/.stmcufinder/plugins/mcufinder//mcu/
2024-05-13 16:49:58,064 [WARN] DbFile:41 - Overriding database path with different value: /home/ethan/.stmcufinder/plugins/mcufinder/ => /home/ethan/.stmcufinder/plugins/mcufinder
2024-05-13 16:49:58,064 [INFO] DbMcusAds:125 - Set database path to: /home/ethan/.stmcufinder/plugins/mcufinder//mcu/
2024-05-13 16:49:58,064 [WARN] DbFile:41 - Overriding database path with different value: /home/ethan/.stmcufinder/plugins/mcufinder/ => /home/ethan/.stmcufinder/plugins/mcufinder
2024-05-13 16:49:58,064 [WARN] DbFile:41 - Overriding database path with different value: /home/ethan/.stmcufinder/plugins/mcufinder/ => /home/ethan/.stmcufinder/plugins/mcufinder
2024-05-13 16:49:58,065 [INFO] CrossReferenceDbSqlite:203 - Set database path to: /home/ethan/.stmcufinder/plugins/mcufinder//mcu/cs/
2024-05-13 16:49:58,133 [INFO] MainPanel:264 - HeapMemory: 268435456
2024-05-13 16:49:58,198 [INFO] DbMcusXml:78 - Set database path to: /home/ethan/st/stm32cubeide_1.15.0/plugins/com.st.stm32cube.common.mx_6.11.0.202403141607//db//mcu/
2024-05-13 16:49:58,198 [INFO] ApiDb:274 - Set plugin database path to: /home/ethan/st/stm32cubeide_1.15.0/plugins/com.st.stm32cube.common.mx_6.11.0.202403141607//db//plugins/boardmanager/
2024-05-13 16:49:58,198 [INFO] ApiDb:261 - Set plugin images path to: /home/ethan/st/stm32cubeide_1.15.0/plugins/com.st.stm32cube.common.mx_6.11.0.202403141607//db//plugins/mcufinder/images/
2024-05-13 16:49:58,199 [WARN] DbFile:41 - Overriding database path with different value: /home/ethan/.stmcufinder/plugins/mcufinder/ => /home/ethan/.stmcufinder/plugins/mcufinder
2024-05-13 16:49:58,199 [INFO] ApiDb:250 - Set database path to: /home/ethan/.stmcufinder/plugins/mcufinder//mcu/
2024-05-13 16:49:58,199 [WARN] DbFile:41 - Overriding database path with different value: /home/ethan/.stmcufinder/plugins/mcufinder/ => /home/ethan/.stmcufinder/plugins/mcufinder
2024-05-13 16:49:58,199 [INFO] DbMcusAds:125 - Set database path to: /home/ethan/.stmcufinder/plugins/mcufinder//mcu/
2024-05-13 16:49:58,199 [WARN] DbFile:41 - Overriding database path with different value: /home/ethan/.stmcufinder/plugins/mcufinder/ => /home/ethan/.stmcufinder/plugins/mcufinder
2024-05-13 16:49:58,200 [WARN] DbFile:41 - Overriding database path with different value: /home/ethan/.stmcufinder/plugins/mcufinder/ => /home/ethan/.stmcufinder/plugins/mcufinder
2024-05-13 16:49:58,200 [INFO] CrossReferenceDbSqlite:203 - Set database path to: /home/ethan/.stmcufinder/plugins/mcufinder//mcu/cs/
2024-05-13 16:49:58,214 [INFO] ApplicationProperties:184 - Using Application install path: /home/ethan/st/stm32cubeide_1.15.0/plugins/com.st.stm32cube.common.mx_6.11.0.202403141607
2024-05-13 16:49:58,216 [INFO] PluginManage:196 - Search for loadable plugins [exclusion list=, ]
2024-05-13 16:49:58,217 [INFO] PluginManage:310 - Check plugin analytics
2024-05-13 16:49:58,408 [INFO] AnalyticsPlugin:253 - Accepted Software Licenses: 
2024-05-13 16:49:58,408 [INFO] AnalyticsPlugin:255 - Accepted CMSIS Pack Licenses: 
2024-05-13 16:49:58,408 [INFO] AnalyticsPlugin:257 - Accepted Firmware Licenses: FW.F4.1.27.0
2024-05-13 16:49:58,411 [INFO] PluginManage:359 - Loaded plugin analytics (category:tool,tabindex:-1)
2024-05-13 16:49:58,411 [INFO] PluginManage:310 - Check plugin cadmodel
2024-05-13 16:49:58,440 [INFO] CADModel:105 - Init CAD model plugin
2024-05-13 16:49:58,440 [INFO] PluginManage:359 - Loaded plugin cadmodel (category:power,tabindex:5)
2024-05-13 16:49:58,441 [INFO] PluginManage:310 - Check plugin clock
2024-05-13 16:49:58,450 [INFO] PluginManage:359 - Loaded plugin clock (category:base,tabindex:2)
2024-05-13 16:49:58,450 [INFO] PluginManage:310 - Check plugin ddr
2024-05-13 16:49:58,452 [INFO] PluginManage:359 - Loaded plugin ddr (category:tool,tabindex:6)
2024-05-13 16:49:58,452 [INFO] PluginManage:310 - Check plugin filemanager
2024-05-13 16:49:58,616 [INFO] PluginManage:359 - Loaded plugin filemanager (category:base,tabindex:10)
2024-05-13 16:49:58,616 [INFO] PluginManage:310 - Check plugin ipmanager
2024-05-13 16:49:58,623 [INFO] PluginManage:359 - Loaded plugin ipmanager (category:base,tabindex:5)
2024-05-13 16:49:58,623 [INFO] PluginManage:310 - Check plugin lpbam
2024-05-13 16:49:58,634 [INFO] PluginManage:359 - Loaded plugin lpbam (category:base,tabindex:0)
2024-05-13 16:49:58,634 [INFO] PluginManage:310 - Check plugin memorymap
2024-05-13 16:49:58,643 [INFO] PluginManage:359 - Loaded plugin memorymap (category:base,tabindex:4)
2024-05-13 16:49:58,643 [INFO] PluginManage:310 - Check plugin pinoutandconfiguration
2024-05-13 16:49:58,653 [INFO] PluginManage:359 - Loaded plugin pinoutandconfiguration (category:base,tabindex:1)
2024-05-13 16:49:58,654 [INFO] PluginManage:310 - Check plugin pinoutconfig
2024-05-13 16:49:58,752 [WARN] SupportedApi:132 - Cannot load RTOS API schema: s4s-elt-must-match.1: The content of 'definitions' must match (annotation?, (simpleType | complexType)?, (unique | key | keyref)*)). A problem was found starting at: attribute.
2024-05-13 16:49:58,969 [INFO] PluginManage:359 - Loaded plugin pinoutconfig (category:base,tabindex:0)
2024-05-13 16:49:58,969 [INFO] PluginManage:310 - Check plugin power
2024-05-13 16:49:58,977 [INFO] PluginManage:359 - Loaded plugin power (category:power,tabindex:4)
2024-05-13 16:49:58,977 [INFO] PluginManage:310 - Check plugin projectmanager
2024-05-13 16:49:58,997 [INFO] PluginManage:359 - Loaded plugin projectmanager (category:projectmanager,tabindex:3)
2024-05-13 16:49:58,997 [INFO] PluginManage:310 - Check plugin thirdparty
2024-05-13 16:49:59,111 [INFO] PluginManage:359 - Loaded plugin thirdparty (category:base,tabindex:-1)
2024-05-13 16:49:59,111 [WARN] IntegrityCheckThread:84 - waiting for thirdparty lock release [integrity check]
2024-05-13 16:49:59,111 [INFO] PluginManage:310 - Check plugin tools
2024-05-13 16:49:59,111 [INFO] IntegrityCheckThread:86 - entering critical section [integrity check]
2024-05-13 16:49:59,112 [INFO] ThirdPartyUpdaterWithRetryManager:70 - Updater plugin not ready yet. [1/15]
2024-05-13 16:49:59,113 [INFO] PluginManage:359 - Loaded plugin tools (category:base,tabindex:7)
2024-05-13 16:49:59,113 [INFO] PluginManage:310 - Check plugin tutovideos
2024-05-13 16:49:59,292 [INFO] PluginManage:359 - Loaded plugin tutovideos (category:base,tabindex:-1)
2024-05-13 16:49:59,292 [INFO] PluginManage:310 - Check plugin updater
2024-05-13 16:49:59,304 [INFO] PluginManage:359 - Loaded plugin updater (category:base,tabindex:12)
2024-05-13 16:49:59,304 [INFO] PluginManage:310 - Check plugin userauth
2024-05-13 16:49:59,308 [INFO] UserAuth:114 - Init User Auth plugin
2024-05-13 16:49:59,308 [INFO] PluginManage:359 - Loaded plugin userauth (category:base,tabindex:14)
2024-05-13 16:49:59,309 [INFO] PluginManage:283 - PluginManage : Loaded plugins [17]
2024-05-13 16:49:59,445 [INFO] PinOutPanel:1561 - setPackage(No Configuration,No Configuration)
2024-05-13 16:49:59,485 [INFO] CADModel:165 - CPN selected for project level
2024-05-13 16:49:59,485 [INFO] CADModel:114 - Register for checkConnection events
2024-05-13 16:49:59,499 [INFO] IPUIPlugin:80 - create IPUIPlugin
2024-05-13 16:49:59,499 [INFO] PluginManager:220 - loadIPPluginJar : add fatfs
2024-05-13 16:49:59,506 [INFO] IPUIPlugin:80 - create IPUIPlugin
2024-05-13 16:49:59,506 [INFO] PluginManager:220 - loadIPPluginJar : add stm32_wpan
2024-05-13 16:49:59,508 [INFO] IPUIPlugin:80 - create IPUIPlugin
2024-05-13 16:49:59,508 [INFO] PluginManager:220 - loadIPPluginJar : add usbx
2024-05-13 16:49:59,510 [INFO] IPUIPlugin:80 - create IPUIPlugin
2024-05-13 16:49:59,511 [INFO] PluginManager:220 - loadIPPluginJar : add gpio
2024-05-13 16:49:59,512 [INFO] IPUIPlugin:80 - create IPUIPlugin
2024-05-13 16:49:59,512 [INFO] PluginManager:220 - loadIPPluginJar : add cryp
2024-05-13 16:49:59,514 [INFO] IPUIPlugin:80 - create IPUIPlugin
2024-05-13 16:49:59,514 [INFO] PluginManager:220 - loadIPPluginJar : add i2c
2024-05-13 16:49:59,519 [INFO] IPUIPlugin:80 - create IPUIPlugin
2024-05-13 16:49:59,519 [INFO] PluginManager:220 - loadIPPluginJar : add linkedlist
2024-05-13 16:49:59,520 [INFO] IPUIPlugin:80 - create IPUIPlugin
2024-05-13 16:49:59,520 [INFO] PluginManager:220 - loadIPPluginJar : add dfsdm
2024-05-13 16:49:59,522 [INFO] IPUIPlugin:80 - create IPUIPlugin
2024-05-13 16:49:59,522 [INFO] PluginManager:220 - loadIPPluginJar : add ipddr
2024-05-13 16:49:59,524 [INFO] IPUIPlugin:80 - create IPUIPlugin
2024-05-13 16:49:59,524 [INFO] PluginManager:220 - loadIPPluginJar : add usart
2024-05-13 16:49:59,525 [INFO] IPUIPlugin:80 - create IPUIPlugin
2024-05-13 16:49:59,525 [INFO] PluginManager:220 - loadIPPluginJar : add quadspi
2024-05-13 16:49:59,525 [INFO] IPUIPlugin:80 - create IPUIPlugin
2024-05-13 16:49:59,526 [INFO] PluginManager:220 - loadIPPluginJar : add ltdc
2024-05-13 16:49:59,526 [INFO] IPUIPlugin:80 - create IPUIPlugin
2024-05-13 16:49:59,527 [INFO] PluginManager:220 - loadIPPluginJar : add tim
2024-05-13 16:49:59,527 [INFO] IPUIPlugin:80 - create IPUIPlugin
2024-05-13 16:49:59,528 [INFO] PluginManager:220 - loadIPPluginJar : add genericplugin
2024-05-13 16:49:59,528 [INFO] IPUIPlugin:80 - create IPUIPlugin
2024-05-13 16:49:59,529 [INFO] PluginManager:220 - loadIPPluginJar : add comp
2024-05-13 16:49:59,530 [INFO] IPUIPlugin:80 - create IPUIPlugin
2024-05-13 16:49:59,530 [INFO] PluginManager:220 - loadIPPluginJar : add spi
2024-05-13 16:49:59,531 [INFO] IPUIPlugin:80 - create IPUIPlugin
2024-05-13 16:49:59,531 [INFO] PluginManager:220 - loadIPPluginJar : add aes
2024-05-13 16:49:59,534 [INFO] IPUIPlugin:80 - create IPUIPlugin
2024-05-13 16:49:59,534 [INFO] PluginManager:220 - loadIPPluginJar : add gic
2024-05-13 16:49:59,536 [INFO] IPUIPlugin:80 - create IPUIPlugin
2024-05-13 16:49:59,536 [INFO] PluginManager:220 - loadIPPluginJar : add pdm2pcm
2024-05-13 16:49:59,540 [INFO] IPUIPlugin:80 - create IPUIPlugin
2024-05-13 16:49:59,541 [INFO] PluginManager:220 - loadIPPluginJar : add plateformsettings
2024-05-13 16:49:59,542 [INFO] IPUIPlugin:80 - create IPUIPlugin
2024-05-13 16:49:59,542 [INFO] PluginManager:220 - loadIPPluginJar : add tsc
2024-05-13 16:49:59,546 [INFO] IPUIPlugin:80 - create IPUIPlugin
2024-05-13 16:49:59,546 [INFO] PluginManager:220 - loadIPPluginJar : add freertos
2024-05-13 16:49:59,550 [INFO] IPUIPlugin:80 - create IPUIPlugin
2024-05-13 16:49:59,550 [INFO] PluginManager:220 - loadIPPluginJar : add mdma
2024-05-13 16:49:59,552 [INFO] IPUIPlugin:80 - create IPUIPlugin
2024-05-13 16:49:59,552 [INFO] PluginManager:220 - loadIPPluginJar : add i2s
2024-05-13 16:49:59,553 [INFO] IPUIPlugin:80 - create IPUIPlugin
2024-05-13 16:49:59,553 [INFO] PluginManager:220 - loadIPPluginJar : add ucpd
2024-05-13 16:49:59,554 [INFO] IPUIPlugin:80 - create IPUIPlugin
2024-05-13 16:49:59,554 [INFO] PluginManager:220 - loadIPPluginJar : add hash
2024-05-13 16:49:59,555 [INFO] IPUIPlugin:80 - create IPUIPlugin
2024-05-13 16:49:59,555 [INFO] PluginManager:220 - loadIPPluginJar : add gfxmmu
2024-05-13 16:49:59,557 [INFO] IPUIPlugin:80 - create IPUIPlugin
2024-05-13 16:49:59,557 [INFO] PluginManager:220 - loadIPPluginJar : add touchsensing
2024-05-13 16:49:59,558 [INFO] IPUIPlugin:80 - create IPUIPlugin
2024-05-13 16:49:59,559 [INFO] PluginManager:220 - loadIPPluginJar : add gtzc
2024-05-13 16:49:59,560 [INFO] IPUIPlugin:80 - create IPUIPlugin
2024-05-13 16:49:59,560 [INFO] PluginManager:220 - loadIPPluginJar : add i3c
2024-05-13 16:49:59,562 [INFO] IPUIPlugin:80 - create IPUIPlugin
2024-05-13 16:49:59,562 [INFO] PluginManager:220 - loadIPPluginJar : add opamp
2024-05-13 16:49:59,564 [INFO] IPUIPlugin:80 - create IPUIPlugin
2024-05-13 16:49:59,564 [INFO] PluginManager:220 - loadIPPluginJar : add nvic
2024-05-13 16:49:59,568 [INFO] IPUIPlugin:80 - create IPUIPlugin
2024-05-13 16:49:59,568 [INFO] PluginManager:220 - loadIPPluginJar : add dma
2024-05-13 16:49:59,569 [INFO] IPUIPlugin:80 - create IPUIPlugin
2024-05-13 16:49:59,569 [INFO] PluginManager:220 - loadIPPluginJar : add tracer_emb
2024-05-13 16:49:59,570 [INFO] IPUIPlugin:80 - create IPUIPlugin
2024-05-13 16:49:59,570 [INFO] PluginManager:220 - loadIPPluginJar : add extmemmanager
2024-05-13 16:49:59,572 [INFO] IPUIPlugin:80 - create IPUIPlugin
2024-05-13 16:49:59,572 [INFO] PluginManager:220 - loadIPPluginJar : add resmgrutility
2024-05-13 16:49:59,574 [INFO] IPUIPlugin:80 - create IPUIPlugin
2024-05-13 16:49:59,574 [INFO] PluginManager:220 - loadIPPluginJar : add sai
2024-05-13 16:49:59,575 [INFO] IPUIPlugin:80 - create IPUIPlugin
2024-05-13 16:49:59,575 [INFO] PluginManager:220 - loadIPPluginJar : add lorawan
2024-05-13 16:49:59,577 [INFO] IPUIPlugin:80 - create IPUIPlugin
2024-05-13 16:49:59,577 [INFO] PluginManager:220 - loadIPPluginJar : add openamp
2024-05-13 16:49:59,578 [INFO] IPUIPlugin:80 - create IPUIPlugin
2024-05-13 16:49:59,578 [INFO] PluginManager:220 - loadIPPluginJar : add dma3
2024-05-13 16:49:59,581 [INFO] IPUIPlugin:80 - create IPUIPlugin
2024-05-13 16:49:59,581 [INFO] PluginManager:220 - loadIPPluginJar : add fmc
2024-05-13 16:49:59,584 [INFO] IPUIPlugin:80 - create IPUIPlugin
2024-05-13 16:49:59,585 [INFO] PluginManager:220 - loadIPPluginJar : add adc
2024-05-13 16:49:59,585 [INFO] IPUIPlugin:80 - create IPUIPlugin
2024-05-13 16:49:59,586 [INFO] PluginManager:220 - loadIPPluginJar : add ts
2024-05-13 16:49:59,587 [INFO] IPUIPlugin:80 - create IPUIPlugin
2024-05-13 16:49:59,588 [INFO] PluginManager:220 - loadIPPluginJar : add can
2024-05-13 16:49:59,696 [INFO] CADModel:165 - CPN selected for project level
2024-05-13 16:49:59,696 [INFO] CADModel:114 - Register for checkConnection events
2024-05-13 16:49:59,697 [FATAL] Updater:308 - Updater called before beeing initialized
2024-05-13 16:49:59,697 [ERROR] CADModel:125 - Updater not yet initialized, retry later 
2024-05-13 16:49:59,856 [INFO] CADModel:165 - CPN selected for project level
2024-05-13 16:49:59,856 [INFO] CADModel:114 - Register for checkConnection events
2024-05-13 16:49:59,856 [FATAL] Updater:308 - Updater called before beeing initialized
2024-05-13 16:49:59,856 [ERROR] CADModel:125 - Updater not yet initialized, retry later 
2024-05-13 16:49:59,858 [FATAL] Updater:308 - Updater called before beeing initialized
2024-05-13 16:49:59,939 [FATAL] Updater:308 - Updater called before beeing initialized
2024-05-13 16:49:59,942 [INFO] DbMcusAds:53 - JSON generation date=Wed Nov 29 02:52:27 PST 2023 (1701255147349)
2024-05-13 16:49:59,942 [FATAL] Updater:308 - Updater called before beeing initialized
2024-05-13 16:49:59,976 [WARN] DetailPanel:346 - Failed to get advertising image, set to default
2024-05-13 16:50:00,054 [FATAL] Updater:308 - Updater called before beeing initialized
2024-05-13 16:50:00,055 [FATAL] Updater:308 - Updater called before beeing initialized
2024-05-13 16:50:00,055 [FATAL] Updater:308 - Updater called before beeing initialized
2024-05-13 16:50:00,055 [WARN] DetailPanel:346 - Failed to get advertising image, set to default
2024-05-13 16:50:00,056 [FATAL] Updater:308 - Updater called before beeing initialized
2024-05-13 16:50:00,089 [ERROR] Updater:1120 - MainUpdater not yet initialized. External WinMGr cannot be set.
2024-05-13 16:50:00,091 [INFO] Updater:1056 - Updater Version found : 6.11.0
2024-05-13 16:50:00,112 [INFO] ApplicationProperties:184 - Using Application install path: /home/ethan/st/stm32cubeide_1.15.0/plugins/com.st.stm32cube.common.mx_6.11.0.202403141607
2024-05-13 16:50:00,540 [INFO] MainUpdater:2873 - connection check result : 10
2024-05-13 16:50:00,540 [INFO] MainUpdater:3567 - Updater definition file requires update
2024-05-13 16:50:00,541 [INFO] MainUpdater:290 - Updater Check For Update Now.
2024-05-13 16:50:00,542 [INFO] MicroXplorer:498 - Change Database Version : DB.6.0.110
2024-05-13 16:50:00,550 [INFO] McuFinderGlobals:63 - Set McuFinder mode to 2 (CubeIDE integrated)
2024-05-13 16:50:00,559 [INFO] UserAuth:415 - Internet connection configuration mode: 1
2024-05-13 16:50:00,574 [INFO] JxBrowserEngine:152 - Initiate JxBrowser Engine with user profile folder
2024-05-13 16:50:00,603 [INFO] ServerAccessManage:473 - Download File updaters.zip
2024-05-13 16:50:00,812 [INFO] FileExtend:240 - Unzip File : updaters.zip
2024-05-13 16:50:00,813 [INFO] FileExtend:255 - Standard Zip Deflate
2024-05-13 16:50:01,107 [INFO] ServerAccessManage:473 - Download File PacksControlFlags.xml
2024-05-13 16:50:01,215 [INFO] ServerAccessManage:473 - Download File cubemx.pidx
2024-05-13 16:50:01,398 [INFO] LoadServerUpdatesThread:375 - End of LoadServerUpdate Thread
2024-05-13 16:50:01,448 [INFO] WebApp:161 - Instantiating new browser for Auth
2024-05-13 16:50:01,614 [INFO] CheckServerUpdateThread:120 - End of CheckServer Thread
2024-05-13 16:50:01,973 [INFO] WebApp:779 - Register for checkConnection events
2024-05-13 16:50:01,973 [INFO] WebApp:414 - Apply proxy settings
2024-05-13 16:50:01,973 [INFO] WebApp:499 - Chromium requires no authentication
2024-05-13 16:50:01,978 [INFO] WebApp:442 - Direct internet connection detected
2024-05-13 16:50:02,082 [INFO] WebApp:192 - Starting web application
2024-05-13 16:50:02,082 [INFO] WebApp:544 - Web application path used /home/ethan/st/stm32cubeide_1.15.0/plugins/com.st.stm32cube.common.mx_6.11.0.202403141607/db/plugins/mcufinder/reactClient1/index.html
2024-05-13 16:50:02,287 [WARN] PackLoader:240 - Cannot read IP mode file for STMicroelectronics.X-CUBE-SMBUS.2.1.0
2024-05-13 16:50:02,295 [WARN] PackLoader:240 - Cannot read IP mode file for STMicroelectronics.X-CUBE-TOUCHGFX.4.23.1
2024-05-13 16:50:02,298 [WARN] PackLoader:240 - Cannot read IP mode file for STMicroelectronics.X-CUBE-TOUCHGFX.4.23.0
2024-05-13 16:50:02,338 [WARN] PackLoader:240 - Cannot read IP mode file for STMicroelectronics.X-CUBE-AZRTOS-F7.1.1.0
2024-05-13 16:50:02,353 [WARN] PackLoader:240 - Cannot read IP mode file for STMicroelectronics.FP-SNS-MOTENV1.4.3.2
2024-05-13 16:50:02,364 [WARN] PackLoader:240 - Cannot read IP mode file for STMicroelectronics.FP-SNS-FLIGHT1.5.0.2
2024-05-13 16:50:02,376 [WARN] PackLoader:240 - Cannot read IP mode file for STMicroelectronics.X-CUBE-DISPLAY.3.0.0
2024-05-13 16:50:02,400 [WARN] PackLoader:240 - Cannot read IP mode file for STMicroelectronics.X-CUBE-BLE1.7.0.0
2024-05-13 16:50:02,405 [WARN] PackLoader:240 - Cannot read IP mode file for emotas.I-CUBE-CANOPEN.1.3.0
2024-05-13 16:50:02,409 [WARN] PackLoader:240 - Cannot read IP mode file for STMicroelectronics.X-CUBE-TOUCHGFX.4.22.1
2024-05-13 16:50:02,422 [WARN] PackLoader:240 - Cannot read IP mode file for STMicroelectronics.X-CUBE-BLEMGR.3.1.0
2024-05-13 16:50:02,431 [WARN] PackLoader:240 - Cannot read IP mode file for STMicroelectronics.FP-SNS-SMARTAG2.1.2.0
2024-05-13 16:50:02,440 [INFO] LogOutputStream:77 - [STDOUT_REDIRECT] 1 : Invalid condition id : UX_CORESTACK_Condition cause : null
2024-05-13 16:50:02,441 [INFO] LogOutputStream:77 - [STDOUT_REDIRECT] 1 : Invalid condition id : UX_CORESTACK_Condition cause : null
2024-05-13 16:50:02,441 [INFO] LogOutputStream:77 - [STDOUT_REDIRECT] 1 : Invalid condition id : UX_CORESTACK_Condition cause : null
2024-05-13 16:50:02,442 [INFO] LogOutputStream:77 - [STDOUT_REDIRECT] 1 : Invalid condition id : UX_CORESTACK_Condition cause : null
2024-05-13 16:50:02,442 [INFO] LogOutputStream:77 - [STDOUT_REDIRECT] 1 : Invalid condition id : UX_CORESTACK_Condition cause : null
2024-05-13 16:50:02,446 [WARN] PackLoader:240 - Cannot read IP mode file for STMicroelectronics.X-CUBE-AZRTOS-WL.2.0.0
2024-05-13 16:50:02,450 [WARN] PackLoader:240 - Cannot read IP mode file for STMicroelectronics.FP-SNS-MOTENV1.5.0.0
2024-05-13 16:50:02,457 [WARN] PackLoader:240 - Cannot read IP mode file for WES.I-CUBE-Cesium.1.3.0
2024-05-13 16:50:02,461 [WARN] PackLoader:240 - Cannot read IP mode file for STMicroelectronics.X-CUBE-BLE2.3.3.0
2024-05-13 16:50:02,466 [WARN] PackLoader:240 - Cannot read IP mode file for STMicroelectronics.X-CUBE-ALGOBUILD.1.3.0
2024-05-13 16:50:02,479 [WARN] PackLoader:240 - Cannot read IP mode file for STMicroelectronics.X-CUBE-AZRTOS-G0.1.1.0
2024-05-13 16:50:02,486 [WARN] PackLoader:240 - Cannot read IP mode file for STMicroelectronics.X-CUBE-SAFEA1.1.2.2
2024-05-13 16:50:02,490 [WARN] PackLoader:240 - Cannot read IP mode file for STMicroelectronics.X-CUBE-NFC4.3.0.0
2024-05-13 16:50:02,498 [WARN] PackLoader:240 - Cannot read IP mode file for STMicroelectronics.X-CUBE-BLEMGR.3.0.0
2024-05-13 16:50:02,504 [WARN] PackLoader:240 - Cannot read IP mode file for STMicroelectronics.FP-ATR-SIGFOX1.3.2.0
2024-05-13 16:50:02,510 [WARN] PackLoader:240 - Cannot read IP mode file for STMicroelectronics.X-CUBE-EEPRMA1.5.1.0
2024-05-13 16:50:02,540 [WARN] PackLoader:240 - Cannot read IP mode file for SEGGER.I-CUBE-embOS.1.3.1
2024-05-13 16:50:02,580 [WARN] PackLoader:240 - Cannot read IP mode file for STMicroelectronics.X-CUBE-GNSS1.6.0.0
2024-05-13 16:50:02,594 [WARN] PackLoader:240 - Cannot read IP mode file for STMicroelectronics.X-CUBE-AZRTOS-F4.1.1.0
2024-05-13 16:50:02,599 [WARN] PackLoader:240 - Cannot read IP mode file for wolfSSL.I-CUBE-wolfSSL.5.6.4
2024-05-13 16:50:02,615 [WARN] PackLoader:240 - Cannot read IP mode file for STMicroelectronics.X-CUBE-AZRTOS-L5.2.0.0
2024-05-13 16:50:02,621 [WARN] PackLoader:240 - Cannot read IP mode file for STMicroelectronics.X-CUBE-EEPRMA1.4.2.0
2024-05-13 16:50:02,630 [WARN] PackLoader:240 - Cannot read IP mode file for STMicroelectronics.X-CUBE-NFC6.3.1.0
2024-05-13 16:50:02,639 [WARN] PackLoader:240 - Cannot read IP mode file for ITTIA_DB.I-CUBE-ITTIADB.8.8.0
2024-05-13 16:50:02,663 [WARN] ConditionMgr:438 - getConditionDescription Invalid condition id : UX DEVICE CLASS RTOS Condition cause : null
2024-05-13 16:50:02,663 [WARN] ConditionMgr:438 - getConditionDescription Invalid condition id : UX DEVICE CLASS RTOS Condition cause : null
2024-05-13 16:50:02,668 [WARN] PackLoader:240 - Cannot read IP mode file for STMicroelectronics.X-CUBE-AZRTOS-H7.3.1.0
2024-05-13 16:50:02,670 [WARN] ConditionMgr:1039 - genDependencies : Invalid condition id : UX DEVICE CLASS RTOS Condition cause : null
2024-05-13 16:50:02,670 [WARN] ConditionMgr:1039 - genDependencies : Invalid condition id : UX DEVICE CLASS RTOS Condition cause : null
2024-05-13 16:50:02,671 [WARN] ConditionMgr:1039 - genDependencies : Invalid condition id : UX DEVICE CLASS RTOS Condition cause : null
2024-05-13 16:50:02,672 [WARN] ConditionMgr:1039 - genDependencies : Invalid condition id : UX DEVICE CLASS RTOS Condition cause : null
2024-05-13 16:50:02,672 [WARN] ConditionMgr:1039 - genDependencies : Invalid condition id : UX DEVICE CLASS RTOS Condition cause : null
2024-05-13 16:50:02,681 [WARN] PackLoader:240 - Cannot read IP mode file for STMicroelectronics.X-CUBE-NFC7.1.0.1
2024-05-13 16:50:02,690 [WARN] PackLoader:240 - Cannot read IP mode file for STMicroelectronics.X-CUBE-NFC6.3.0.0
2024-05-13 16:50:02,697 [WARN] PackLoader:240 - Cannot read IP mode file for STMicroelectronics.X-CUBE-AI.8.1.0
2024-05-13 16:50:02,717 [WARN] ConditionMgr:438 - getConditionDescription Invalid condition id : LAN8742 Phy interface Condition cause : null
2024-05-13 16:50:02,718 [WARN] PackLoader:240 - Cannot read IP mode file for STMicroelectronics.X-CUBE-AZRTOS-L4.2.0.0
2024-05-13 16:50:02,719 [WARN] ConditionMgr:1039 - genDependencies : Invalid condition id : LAN8742 Phy interface Condition cause : null
2024-05-13 16:50:02,719 [WARN] ConditionMgr:1039 - genDependencies : Invalid condition id : LAN8742 Phy interface Condition cause : null
2024-05-13 16:50:02,720 [WARN] ConditionMgr:1039 - genDependencies : Invalid condition id : LAN8742 Phy interface Condition cause : null
2024-05-13 16:50:02,729 [WARN] PackLoader:240 - Cannot read IP mode file for STMicroelectronics.X-CUBE-SFXS2LP1.4.0.0
2024-05-13 16:50:02,733 [WARN] PackLoader:240 - Cannot read IP mode file for STMicroelectronics.X-CUBE-ISPU.1.1.0
2024-05-13 16:50:02,744 [WARN] ConditionMgr:438 - getConditionDescription Invalid condition id : UX DEVICE CLASS RTOS Condition cause : null
2024-05-13 16:50:02,744 [WARN] ConditionMgr:438 - getConditionDescription Invalid condition id : UX DEVICE CLASS RTOS Condition cause : null
2024-05-13 16:50:02,746 [WARN] PackLoader:240 - Cannot read IP mode file for STMicroelectronics.X-CUBE-AZRTOS-WB.2.0.0
2024-05-13 16:50:02,747 [WARN] ConditionMgr:1039 - genDependencies : Invalid condition id : UX DEVICE CLASS RTOS Condition cause : null
2024-05-13 16:50:02,747 [WARN] ConditionMgr:1039 - genDependencies : Invalid condition id : UX DEVICE CLASS RTOS Condition cause : null
2024-05-13 16:50:02,748 [WARN] ConditionMgr:1039 - genDependencies : Invalid condition id : UX DEVICE CLASS RTOS Condition cause : null
2024-05-13 16:50:02,749 [WARN] ConditionMgr:1039 - genDependencies : Invalid condition id : UX DEVICE CLASS RTOS Condition cause : null
2024-05-13 16:50:02,749 [WARN] ConditionMgr:1039 - genDependencies : Invalid condition id : UX DEVICE CLASS RTOS Condition cause : null
2024-05-13 16:50:02,758 [WARN] PackLoader:240 - Cannot read IP mode file for STMicroelectronics.X-CUBE-SUBG2.5.0.0
2024-05-13 16:50:02,772 [WARN] PackLoader:240 - Cannot read IP mode file for STMicroelectronics.X-CUBE-TOF1.3.3.1
2024-05-13 16:50:02,795 [WARN] PackLoader:240 - Cannot read IP mode file for STMicroelectronics.X-CUBE-AZRTOS-G4.2.0.0
2024-05-13 16:50:02,807 [WARN] PackLoader:240 - Cannot read IP mode file for Infineon.AIROC-Wi-Fi-Bluetooth-STM32.1.5.1
2024-05-13 16:50:02,815 [WARN] PackLoader:240 - Cannot read IP mode file for STMicroelectronics.FP-SNS-MOTENVWB1.1.3.0
2024-05-13 16:50:02,819 [WARN] PackLoader:240 - Cannot read IP mode file for STMicroelectronics.FP-SNS-MOTENVWB1.1.3.1
2024-05-13 16:50:02,821 [WARN] PackLoader:240 - Cannot read IP mode file for STMicroelectronics.X-CUBE-ISPU.2.0.0
2024-05-13 16:50:02,857 [WARN] PackLoader:240 - Cannot read IP mode file for STMicroelectronics.X-CUBE-MEMS1.10.0.0
2024-05-13 16:50:03,024 [WARN] PackLoader:240 - Cannot read IP mode file for STMicroelectronics.X-CUBE-FREERTOS.1.1.0
2024-05-13 16:50:03,028 [WARN] PackLoader:240 - Cannot read IP mode file for portGmbH.I-Cube-SoM-uGOAL.1.1.0
2024-05-13 16:50:03,031 [WARN] PackLoader:240 - Cannot read IP mode file for STMicroelectronics.X-CUBE-ALS.1.0.1
2024-05-13 16:50:03,034 [WARN] PackLoader:240 - Cannot read IP mode file for STMicroelectronics.FP-ATR-ASTRA1.2.0.0
2024-05-13 16:50:03,043 [WARN] PackLoader:240 - Cannot read IP mode file for STMicroelectronics.X-CUBE-TOF1.3.4.0
2024-05-13 16:50:03,064 [WARN] PackLoader:240 - Cannot read IP mode file for STMicroelectronics.X-CUBE-TOF1.3.4.1
2024-05-13 16:50:03,095 [WARN] PackLoader:240 - Cannot read IP mode file for STMicroelectronics.X-CUBE-AZRTOS-H7.3.2.0
2024-05-13 16:50:03,098 [INFO] ThirdParty:978 - Integrity check success = true
2024-05-13 16:50:03,099 [INFO] IntegrityCheckThread:100 - exiting critical section [integrity check]
2024-05-13 16:50:03,099 [INFO] IntegrityCheckThread:103 - End integrity checks thread
2024-05-13 16:50:05,953 [ERROR] LogOutputStream:75 - [STDERR_REDIRECT] 
